Username         Port     From             Latest
root                                       **Never logged in**
daemon                                     **Never logged in**
bin                                        **Never logged in**
sys                                        **Never logged in**
sync                                       **Never logged in**
games                                      **Never logged in**
man                                        **Never logged in**
lp                                         **Never logged in**
mail                                       **Never logged in**
news                                       **Never logged in**
uucp                                       **Never logged in**
proxy                                      **Never logged in**
www-data                                   **Never logged in**
backup                                     **Never logged in**
list                                       **Never logged in**
irc                                        **Never logged in**
gnats                                      **Never logged in**
nobody                                     **Never logged in**
systemd-network                            **Never logged in**
systemd-resolve                            **Never logged in**
systemd-timesync                           **Never logged in**
messagebus                                 **Never logged in**
syslog                                     **Never logged in**
_apt                                       **Never logged in**
tss                                        **Never logged in**
uuidd                                      **Never logged in**
tcpdump                                    **Never logged in**
avahi-autoipd                              **Never logged in**
usbmux                                     **Never logged in**
rtkit                                      **Never logged in**
dnsmasq                                    **Never logged in**
cups-pk-helper                             **Never logged in**
speech-dispatcher                           **Never logged in**
avahi                                      **Never logged in**
kernoops                                   **Never logged in**
saned                                      **Never logged in**
nm-openvpn                                 **Never logged in**
hplip                                      **Never logged in**
whoopsie                                   **Never logged in**
colord                                     **Never logged in**
fwupd-refresh                              **Never logged in**
geoclue                                    **Never logged in**
pulse                                      **Never logged in**
gnome-initial-setup                           **Never logged in**
gdm                                        **Never logged in**
sssd                                       **Never logged in**
martin           pts/1    192.168.204.2    Wed Mar 20 12:19:39 -0700 2024
systemd-coredump                           **Never logged in**
sshd                                       **Never logged in**
