Username         Port     From             Latest
root                                       **Never logged in**
daemon                                     **Never logged in**
bin                                        **Never logged in**
sys                                        **Never logged in**
sync                                       **Never logged in**
games                                      **Never logged in**
man                                        **Never logged in**
lp                                         **Never logged in**
mail                                       **Never logged in**
news                                       **Never logged in**
uucp                                       **Never logged in**
proxy                                      **Never logged in**
www-data                                   **Never logged in**
backup                                     **Never logged in**
list                                       **Never logged in**
irc                                        **Never logged in**
gnats                                      **Never logged in**
nobody                                     **Never logged in**
_apt                                       **Never logged in**
systemd-network                            **Never logged in**
systemd-resolve                            **Never logged in**
tss                                        **Never logged in**
messagebus                                 **Never logged in**
systemd-timesync                           **Never logged in**
usbmux                                     **Never logged in**
rtkit                                      **Never logged in**
dnsmasq                                    **Never logged in**
avahi                                      **Never logged in**
speech-dispatcher                           **Never logged in**
pulse                                      **Never logged in**
saned                                      **Never logged in**
colord                                     **Never logged in**
geoclue                                    **Never logged in**
Debian-gdm                                 **Never logged in**
martin           pts/1    192.168.204.2    Tue May  7 14:21:45 -0400 2024
systemd-coredump                           **Never logged in**
sshd                                       **Never logged in**
john             pts/2    192.168.204.2    Sun Mar 24 04:57:11 -0400 2024
martha           pts/1    192.168.204.2    Tue May  7 14:24:11 -0400 2024
