chkrootkit-0.58b/
chkrootkit-0.58b/chkdirs.c
chkrootkit-0.58b/chklastlog.c
chkrootkit-0.58b/strings.c
chkrootkit-0.58b/README
chkrootkit-0.58b/ifpromisc.c
chkrootkit-0.58b/chkrootkit.lsm
chkrootkit-0.58b/Makefile
chkrootkit-0.58b/README.chkwtmp
chkrootkit-0.58b/chkutmp.c
chkrootkit-0.58b/chkrootkit
chkrootkit-0.58b/COPYRIGHT
chkrootkit-0.58b/check_wtmpx.c
chkrootkit-0.58b/ACKNOWLEDGMENTS
chkrootkit-0.58b/README.chklastlog
chkrootkit-0.58b/chkwtmp.c
chkrootkit-0.58b/chkproc.c
cc -DHAVE_LASTLOG_H -o chklastlog chklastlog.c
cc -DHAVE_LASTLOG_H -o chkwtmp chkwtmp.c
cc -DHAVE_LASTLOG_H   -D_FILE_OFFSET_BITS=64 -o ifpromisc ifpromisc.c
cc  -o chkproc chkproc.c
cc  -o chkdirs chkdirs.c
cc  -o check_wtmpx check_wtmpx.c
cc -static  -o strings-static strings.c
cc  -o chkutmp chkutmp.c
ROOTDIR is `/'
Checking `amd'... not found
Checking `basename'... not infected
Checking `biff'... not found
Checking `chfn'... not infected
Checking `chsh'... not infected
Checking `cron'... not infected
Checking `crontab'... not infected
Checking `date'... not infected
Checking `du'... not infected
Checking `dirname'... not infected
Checking `echo'... not infected
Checking `egrep'... not infected
Checking `env'... not infected
Checking `find'... not infected
Checking `fingerd'... not found
Checking `gpm'... not found
Checking `grep'... not infected
Checking `hdparm'... not found
Checking `su'... not infected
Checking `ifconfig'... not found
Checking `inetd'... not tested
Checking `inetdconf'... not found
Checking `identd'... not found
Checking `init'... not infected
Checking `killall'... not infected
Checking `ldsopreload'... not infected
Checking `login'... not infected
Checking `ls'... not infected
Checking `lsof'... not infected
Checking `mail'... not found
Checking `mingetty'... not found
Checking `netstat'... not infected
Checking `named'... not found
Checking `passwd'... not infected
Checking `pidof'... not infected
Checking `pop2'... not found
Checking `pop3'... not found
Checking `ps'... not infected
Checking `pstree'... not infected
Checking `rpcinfo'... not found
Checking `rlogind'... not found
Checking `rshd'... not found
Checking `slogin'... not infected
Checking `sendmail'... not found
Checking `sshd'... not found
Checking `syslogd'... not tested
Checking `tar'... not infected
Checking `tcpd'... not found
Checking `tcpdump'... not infected
Checking `top'... not infected
Checking `telnetd'... not found
Checking `timed'... not found
Checking `traceroute'... not infected
Checking `vdir'... not infected
Checking `w'... not infected
Checking `write'... not infected
Checking `aliens'... no suspect files
Searching for sniffer's logs, it may take a while... nothing found
Searching for HiDrootkit's default dir... nothing found
Searching for t0rn's default files and dirs... nothing found
Searching for t0rn's v8 defaults... nothing found
Searching for Lion Worm default files and dirs... nothing found
Searching for RSHA's default files and dir... nothing found
Searching for RH-Sharpe's default files... nothing found
Searching for Ambient's rootkit (ark) default files and dirs... nothing found
Searching for suspicious files and dirs, it may take a while... 
/usr/lib/python3/dist-packages/numpy/core/include/numpy/.doxyfile /usr/lib/python3/dist-packages/numpy/f2py/tests/src/f2cmap/.f2py_f2cmap /usr/lib/python3/dist-packages/numpy/f2py/tests/src/assumed_shape/.f2py_f2cmap /usr/lib/libreoffice/share/.registry
/usr/lib/libreoffice/share/.registry
Searching for LPD Worm files and dirs... nothing found
Searching for Ramen Worm files and dirs... nothing found
Searching for Maniac files and dirs... nothing found
Searching for RK17 files and dirs... nothing found
Searching for Ducoci rootkit... nothing found
Searching for Adore Worm... nothing found
Searching for ShitC Worm... nothing found
Searching for Omega Worm... nothing found
Searching for Sadmind/IIS Worm... nothing found
Searching for MonKit... nothing found
Searching for Showtee... nothing found
Searching for OpticKit... nothing found
Searching for T.R.K... nothing found
Searching for Mithra... nothing found
Searching for LOC rootkit... nothing found
Searching for Romanian rootkit... nothing found
Searching for Suckit rootkit... nothing found
Searching for Volc rootkit... nothing found
Searching for Gold2 rootkit... nothing found
Searching for TC2 Worm default files and dirs... nothing found
Searching for Anonoying rootkit default files and dirs... nothing found
Searching for ZK rootkit default files and dirs... nothing found
Searching for ShKit rootkit default files and dirs... nothing found
Searching for AjaKit rootkit default files and dirs... nothing found
Searching for zaRwT rootkit default files and dirs... nothing found
Searching for Madalin rootkit default files... nothing found
Searching for Fu rootkit default files... nothing found
Searching for Kenga3 rotkit default files... nothing found
Searching for ESRK rootkit default files... nothing found
Searching for rootedoor... nothing found
Searching for ENYELKM rootkit default files... nothing found
Searching for common ssh-scanners default files... nothing found
Searching for Linux/Ebury - Operation Windigo ssh... nothing found 
Searching for 64-bit Linux Rootkit ... nothing found
Searching for 64-bit Linux Rootkit modules... nothing found
Searching for Mumblehard Linux ... nothing found
Searching for Backdoor.Linux.Mokes.a ... nothing found
Searching for Malicious TinyDNS ... nothing found
Searching for Linux.Xor.DDoS ... nothing found
Searching for Linux.Proxy.1.0 ... nothing found
Searching for CrossRAT ... nothing found
Searching for Hidden Cobra ... nothing found
Searching for Rocke Miner ... nothing found
Searching for PWNLNX4 lkm... nothing found
Searching for PWNLNX6 lkm... nothing found
Searching for Umbreon lrk... nothing found
Searching for Kinsing.a backdoor... nothing found
Searching for RotaJakiro backdoor... nothing found
Searching for Syslogk LKM rootkit... nothing found
Searching for Kovid LKM rootkit... nothing found
Searching for Tsunami DDoS Malware.. nothing found
Searching for Linux BPF Door.. nothing found
Searching for suspect PHP files... nothing found
Searching for anomalies in shell history files... nothing found
Checking `asp'... not infected
Checking `bindshell'... not infected
Checking `lkm'... chkproc: nothing detected
chkdirs: nothing detected
Checking `rexedcs'... not found
Checking `sniffer'... enp0s3: PF_PACKET(/usr/sbin/dhclient)
enp0s3: PF_PACKET(/usr/sbin/dhclient)
enp0s8: PF_PACKET(/usr/sbin/connmand, /usr/sbin/connmand)
Checking `w55808'... not infected
Checking `wted'... chkwtmp: nothing deleted
Checking `scalper'... not infected
Checking `slapper'... not infected
Checking `z2'... chklastlog: nothing deleted
Checking `chkutmp'...  The tty of the following user process(es) were not found
 in /var/run/utmp !
! RUID          PID TTY    CMD
! mal          1977 pts/0  bash
chkutmp: nothing deleted
Checking `OSX_RSPLUG'... not tested
chkrootkit-0.58b/
chkrootkit-0.58b/chkdirs.c
chkrootkit-0.58b/chklastlog.c
chkrootkit-0.58b/strings.c
chkrootkit-0.58b/README
chkrootkit-0.58b/ifpromisc.c
chkrootkit-0.58b/chkrootkit.lsm
chkrootkit-0.58b/Makefile
chkrootkit-0.58b/README.chkwtmp
chkrootkit-0.58b/chkutmp.c
chkrootkit-0.58b/chkrootkit
chkrootkit-0.58b/COPYRIGHT
chkrootkit-0.58b/check_wtmpx.c
chkrootkit-0.58b/ACKNOWLEDGMENTS
chkrootkit-0.58b/README.chklastlog
chkrootkit-0.58b/chkwtmp.c
chkrootkit-0.58b/chkproc.c
make: Nothing to be done for 'sense'.
ROOTDIR is `/'
Checking `amd'... not found
Checking `basename'... not infected
Checking `biff'... not found
Checking `chfn'... not infected
Checking `chsh'... not infected
Checking `cron'... not infected
Checking `crontab'... not infected
Checking `date'... not infected
Checking `du'... not infected
Checking `dirname'... not infected
Checking `echo'... not infected
Checking `egrep'... not infected
Checking `env'... not infected
Checking `find'... not infected
Checking `fingerd'... not found
Checking `gpm'... not found
Checking `grep'... not infected
Checking `hdparm'... not found
Checking `su'... not infected
Checking `ifconfig'... not found
Checking `inetd'... not tested
Checking `inetdconf'... not found
Checking `identd'... not found
Checking `init'... not infected
Checking `killall'... not infected
Checking `ldsopreload'... not infected
Checking `login'... not infected
Checking `ls'... not infected
Checking `lsof'... not infected
Checking `mail'... not found
Checking `mingetty'... not found
Checking `netstat'... not infected
Checking `named'... not found
Checking `passwd'... not infected
Checking `pidof'... not infected
Checking `pop2'... not found
Checking `pop3'... not found
Checking `ps'... not infected
Checking `pstree'... not infected
Checking `rpcinfo'... not found
Checking `rlogind'... not found
Checking `rshd'... not found
Checking `slogin'... not infected
Checking `sendmail'... not found
Checking `sshd'... not found
Checking `syslogd'... not tested
Checking `tar'... not infected
Checking `tcpd'... not found
Checking `tcpdump'... not infected
Checking `top'... not infected
Checking `telnetd'... not found
Checking `timed'... not found
Checking `traceroute'... not infected
Checking `vdir'... not infected
Checking `w'... not infected
Checking `write'... not infected
Checking `aliens'... no suspect files
Searching for sniffer's logs, it may take a while... nothing found
Searching for HiDrootkit's default dir... nothing found
Searching for t0rn's default files and dirs... nothing found
Searching for t0rn's v8 defaults... nothing found
Searching for Lion Worm default files and dirs... nothing found
Searching for RSHA's default files and dir... nothing found
Searching for RH-Sharpe's default files... nothing found
Searching for Ambient's rootkit (ark) default files and dirs... nothing found
Searching for suspicious files and dirs, it may take a while... 
/usr/lib/python3/dist-packages/numpy/core/include/numpy/.doxyfile /usr/lib/python3/dist-packages/numpy/f2py/tests/src/f2cmap/.f2py_f2cmap /usr/lib/python3/dist-packages/numpy/f2py/tests/src/assumed_shape/.f2py_f2cmap /usr/lib/libreoffice/share/.registry
/usr/lib/libreoffice/share/.registry
Searching for LPD Worm files and dirs... nothing found
Searching for Ramen Worm files and dirs... nothing found
Searching for Maniac files and dirs... nothing found
Searching for RK17 files and dirs... nothing found
Searching for Ducoci rootkit... nothing found
Searching for Adore Worm... nothing found
Searching for ShitC Worm... nothing found
Searching for Omega Worm... nothing found
Searching for Sadmind/IIS Worm... nothing found
Searching for MonKit... nothing found
Searching for Showtee... nothing found
Searching for OpticKit... nothing found
Searching for T.R.K... nothing found
Searching for Mithra... nothing found
Searching for LOC rootkit... nothing found
Searching for Romanian rootkit... nothing found
Searching for Suckit rootkit... nothing found
Searching for Volc rootkit... nothing found
Searching for Gold2 rootkit... nothing found
Searching for TC2 Worm default files and dirs... nothing found
Searching for Anonoying rootkit default files and dirs... nothing found
Searching for ZK rootkit default files and dirs... nothing found
Searching for ShKit rootkit default files and dirs... nothing found
Searching for AjaKit rootkit default files and dirs... nothing found
Searching for zaRwT rootkit default files and dirs... nothing found
Searching for Madalin rootkit default files... nothing found
Searching for Fu rootkit default files... nothing found
Searching for Kenga3 rotkit default files... nothing found
Searching for ESRK rootkit default files... nothing found
Searching for rootedoor... nothing found
Searching for ENYELKM rootkit default files... nothing found
Searching for common ssh-scanners default files... nothing found
Searching for Linux/Ebury - Operation Windigo ssh... nothing found 
Searching for 64-bit Linux Rootkit ... nothing found
Searching for 64-bit Linux Rootkit modules... nothing found
Searching for Mumblehard Linux ... nothing found
Searching for Backdoor.Linux.Mokes.a ... nothing found
Searching for Malicious TinyDNS ... nothing found
Searching for Linux.Xor.DDoS ... nothing found
Searching for Linux.Proxy.1.0 ... nothing found
Searching for CrossRAT ... nothing found
Searching for Hidden Cobra ... nothing found
Searching for Rocke Miner ... nothing found
Searching for PWNLNX4 lkm... nothing found
Searching for PWNLNX6 lkm... nothing found
Searching for Umbreon lrk... nothing found
Searching for Kinsing.a backdoor... nothing found
Searching for RotaJakiro backdoor... nothing found
Searching for Syslogk LKM rootkit... nothing found
Searching for Kovid LKM rootkit... nothing found
Searching for Tsunami DDoS Malware.. nothing found
Searching for Linux BPF Door.. nothing found
Searching for suspect PHP files... nothing found
Searching for anomalies in shell history files... nothing found
Checking `asp'... not infected
Checking `bindshell'... not infected
Checking `lkm'... chkproc: nothing detected
chkdirs: nothing detected
Checking `rexedcs'... not found
Checking `sniffer'... enp0s3: PF_PACKET(/usr/sbin/dhclient)
enp0s3: PF_PACKET(/usr/sbin/dhclient)
enp0s8: PF_PACKET(/usr/sbin/connmand, /usr/sbin/connmand)
Checking `w55808'... not infected
Checking `wted'... chkwtmp: nothing deleted
Checking `scalper'... not infected
Checking `slapper'... not infected
Checking `z2'... chklastlog: nothing deleted
Checking `chkutmp'...  The tty of the following user process(es) were not found
 in /var/run/utmp !
! RUID          PID TTY    CMD
! mal          1977 pts/0  bash
chkutmp: nothing deleted
Checking `OSX_RSPLUG'... not tested
chkrootkit-0.58b/
chkrootkit-0.58b/chkdirs.c
chkrootkit-0.58b/chklastlog.c
chkrootkit-0.58b/strings.c
chkrootkit-0.58b/README
chkrootkit-0.58b/ifpromisc.c
chkrootkit-0.58b/chkrootkit.lsm
chkrootkit-0.58b/Makefile
chkrootkit-0.58b/README.chkwtmp
chkrootkit-0.58b/chkutmp.c
chkrootkit-0.58b/chkrootkit
chkrootkit-0.58b/COPYRIGHT
chkrootkit-0.58b/check_wtmpx.c
chkrootkit-0.58b/ACKNOWLEDGMENTS
chkrootkit-0.58b/README.chklastlog
chkrootkit-0.58b/chkwtmp.c
chkrootkit-0.58b/chkproc.c
make: Nothing to be done for 'sense'.
ROOTDIR is `/'
Checking `amd'... not found
Checking `basename'... not infected
Checking `biff'... not found
Checking `chfn'... not infected
Checking `chsh'... not infected
Checking `cron'... not infected
Checking `crontab'... not infected
Checking `date'... not infected
Checking `du'... not infected
Checking `dirname'... not infected
Checking `echo'... not infected
Checking `egrep'... not infected
Checking `env'... not infected
Checking `find'... not infected
Checking `fingerd'... not found
Checking `gpm'... not found
Checking `grep'... not infected
Checking `hdparm'... not found
Checking `su'... not infected
Checking `ifconfig'... not found
Checking `inetd'... not tested
Checking `inetdconf'... not found
Checking `identd'... not found
Checking `init'... not infected
Checking `killall'... not infected
Checking `ldsopreload'... not infected
Checking `login'... not infected
Checking `ls'... not infected
Checking `lsof'... not infected
Checking `mail'... not found
Checking `mingetty'... not found
Checking `netstat'... not infected
Checking `named'... not found
Checking `passwd'... not infected
Checking `pidof'... not infected
Checking `pop2'... not found
Checking `pop3'... not found
Checking `ps'... not infected
Checking `pstree'... not infected
Checking `rpcinfo'... not found
Checking `rlogind'... not found
Checking `rshd'... not found
Checking `slogin'... not infected
Checking `sendmail'... not found
Checking `sshd'... not found
Checking `syslogd'... not tested
Checking `tar'... not infected
Checking `tcpd'... not found
Checking `tcpdump'... not infected
Checking `top'... not infected
Checking `telnetd'... not found
Checking `timed'... not found
Checking `traceroute'... not infected
Checking `vdir'... not infected
Checking `w'... not infected
Checking `write'... not infected
Checking `aliens'... no suspect files
Searching for sniffer's logs, it may take a while... nothing found
Searching for HiDrootkit's default dir... nothing found
Searching for t0rn's default files and dirs... nothing found
Searching for t0rn's v8 defaults... nothing found
Searching for Lion Worm default files and dirs... nothing found
Searching for RSHA's default files and dir... nothing found
Searching for RH-Sharpe's default files... nothing found
Searching for Ambient's rootkit (ark) default files and dirs... nothing found
Searching for suspicious files and dirs, it may take a while... 
/usr/lib/python3/dist-packages/numpy/core/include/numpy/.doxyfile /usr/lib/python3/dist-packages/numpy/f2py/tests/src/f2cmap/.f2py_f2cmap /usr/lib/python3/dist-packages/numpy/f2py/tests/src/assumed_shape/.f2py_f2cmap /usr/lib/libreoffice/share/.registry
/usr/lib/libreoffice/share/.registry
Searching for LPD Worm files and dirs... nothing found
Searching for Ramen Worm files and dirs... nothing found
Searching for Maniac files and dirs... nothing found
Searching for RK17 files and dirs... nothing found
Searching for Ducoci rootkit... nothing found
Searching for Adore Worm... nothing found
Searching for ShitC Worm... nothing found
Searching for Omega Worm... nothing found
Searching for Sadmind/IIS Worm... nothing found
Searching for MonKit... nothing found
Searching for Showtee... nothing found
Searching for OpticKit... nothing found
Searching for T.R.K... nothing found
Searching for Mithra... nothing found
Searching for LOC rootkit... nothing found
Searching for Romanian rootkit... nothing found
Searching for Suckit rootkit... nothing found
Searching for Volc rootkit... nothing found
Searching for Gold2 rootkit... nothing found
Searching for TC2 Worm default files and dirs... nothing found
Searching for Anonoying rootkit default files and dirs... nothing found
Searching for ZK rootkit default files and dirs... nothing found
Searching for ShKit rootkit default files and dirs... nothing found
Searching for AjaKit rootkit default files and dirs... nothing found
Searching for zaRwT rootkit default files and dirs... nothing found
Searching for Madalin rootkit default files... nothing found
Searching for Fu rootkit default files... nothing found
Searching for Kenga3 rotkit default files... nothing found
Searching for ESRK rootkit default files... nothing found
Searching for rootedoor... nothing found
Searching for ENYELKM rootkit default files... nothing found
Searching for common ssh-scanners default files... nothing found
Searching for Linux/Ebury - Operation Windigo ssh... nothing found 
Searching for 64-bit Linux Rootkit ... nothing found
Searching for 64-bit Linux Rootkit modules... nothing found
Searching for Mumblehard Linux ... nothing found
Searching for Backdoor.Linux.Mokes.a ... nothing found
Searching for Malicious TinyDNS ... nothing found
Searching for Linux.Xor.DDoS ... nothing found
Searching for Linux.Proxy.1.0 ... nothing found
Searching for CrossRAT ... nothing found
Searching for Hidden Cobra ... nothing found
Searching for Rocke Miner ... nothing found
Searching for PWNLNX4 lkm... nothing found
Searching for PWNLNX6 lkm... nothing found
Searching for Umbreon lrk... nothing found
Searching for Kinsing.a backdoor... nothing found
Searching for RotaJakiro backdoor... nothing found
Searching for Syslogk LKM rootkit... nothing found
Searching for Kovid LKM rootkit... nothing found
Searching for Tsunami DDoS Malware.. nothing found
Searching for Linux BPF Door.. nothing found
Searching for suspect PHP files... nothing found
Searching for anomalies in shell history files... nothing found
Checking `asp'... not infected
Checking `bindshell'... not infected
Checking `lkm'... chkproc: nothing detected
chkdirs: nothing detected
Checking `rexedcs'... not found
Checking `sniffer'... enp0s3: PF_PACKET(/usr/sbin/dhclient)
enp0s3: PF_PACKET(/usr/sbin/dhclient)
enp0s8: PF_PACKET(/usr/sbin/connmand, /usr/sbin/connmand)
Checking `w55808'... not infected
Checking `wted'... chkwtmp: nothing deleted
Checking `scalper'... not infected
Checking `slapper'... not infected
Checking `z2'... chklastlog: nothing deleted
Checking `chkutmp'...  The tty of the following user process(es) were not found
 in /var/run/utmp !
! RUID          PID TTY    CMD
! mal          1977 pts/0  bash
chkutmp: nothing deleted
Checking `OSX_RSPLUG'... not tested
